# JRE version: OpenJDK Runtime Environment Microsoft-10376486 (17.0.13+11) (build 17.0.13+11-LTS)
# Java VM: OpenJDK 64-Bit Server VM Microsoft-10376486 (17.0.13+11-LTS, mixed mode, sharing, tiered, compressed oops, compressed class ptrs, g1 gc, windows-amd64)
GC Precious Log:
 CPUs: 4 total, 4 available
 Memory: 8072M
 Large Page Support: Disabled
 NUMA Support: Disabled
 Compressed Oops: Enabled (Zero based)
 Heap Region Size: 2M
 Heap Min Capacity: 8M
 Heap Initial Capacity: 128M
 Heap Max Capacity: 4G
 Pre-touch: Disabled
 Parallel Workers: 4
 Concurrent Workers: 1
 Concurrent Refinement Workers: 4
 Periodic GC: Disabled
Heap:
 garbage-first heap   total 290816K, used 147560K [0x0000000700000000, 0x0000000800000000)
  region size 2048K, 4 young (8192K), 4 survivors (8192K)
 Metaspace       used 105510K, committed 106624K, reserved 1179648K
  class space    used 14833K, committed 15360K, reserved 1048576K
GC Heap History (20 events):
Event: 17.308 GC heap after
{Heap after GC invocations=27 (full 0):
 garbage-first heap   total 145408K, used 79931K [0x0000000700000000, 0x0000000800000000)
  region size 2048K, 3 young (6144K), 3 survivors (6144K)
 Metaspace       used 73062K, committed 73920K, reserved 1114112K
  class space    used 10355K, committed 10752K, reserved 1048576K
}
Event: 17.387 GC heap before
{Heap before GC invocations=27 (full 0):
 garbage-first heap   total 145408K, used 81979K [0x0000000700000000, 0x0000000800000000)
  region size 2048K, 4 young (8192K), 3 survivors (6144K)
 Metaspace       used 73116K, committed 73920K, reserved 1114112K
  class space    used 10356K, committed 10752K, reserved 1048576K
}
Event: 17.403 GC heap after
{Heap after GC invocations=28 (full 0):
 garbage-first heap   total 145408K, used 79645K [0x0000000700000000, 0x0000000800000000)
  region size 2048K, 1 young (2048K), 1 survivors (2048K)
 Metaspace       used 73116K, committed 73920K, reserved 1114112K
  class space    used 10356K, committed 10752K, reserved 1048576K
}
Event: 18.341 GC heap before
{Heap before GC invocations=28 (full 0):
 garbage-first heap   total 145408K, used 114461K [0x0000000700000000, 0x0000000800000000)
  region size 2048K, 19 young (38912K), 1 survivors (2048K)
 Metaspace       used 73357K, committed 74240K, reserved 1114112K
  class space    used 10357K, committed 10752K, reserved 1048576K
}
Event: 18.358 GC heap after
{Heap after GC invocations=29 (full 0):
 garbage-first heap   total 290816K, used 82486K [0x0000000700000000, 0x0000000800000000)
  region size 2048K, 2 young (4096K), 2 survivors (4096K)
 Metaspace       used 73357K, committed 74240K, reserved 1114112K
  class space    used 10357K, committed 10752K, reserved 1048576K
}
Event: 21.413 GC heap before
{Heap before GC invocations=30 (full 0):
 garbage-first heap   total 290816K, used 221750K [0x0000000700000000, 0x0000000800000000)
  region size 2048K, 71 young (145408K), 2 survivors (4096K)
 Metaspace       used 75946K, committed 76800K, reserved 1179648K
  class space    used 10671K, committed 11072K, reserved 1048576K
}
Event: 21.430 GC heap after
{Heap after GC invocations=31 (full 0):
 garbage-first heap   total 290816K, used 97137K [0x0000000700000000, 0x0000000800000000)
  region size 2048K, 9 young (18432K), 9 survivors (18432K)
 Metaspace       used 75946K, committed 76800K, reserved 1179648K
  class space    used 10671K, committed 11072K, reserved 1048576K
}
Event: 21.447 GC heap before
{Heap before GC invocations=31 (full 0):
 garbage-first heap   total 290816K, used 99185K [0x0000000700000000, 0x0000000800000000)
  region size 2048K, 10 young (20480K), 9 survivors (18432K)
 Metaspace       used 76249K, committed 77184K, reserved 1179648K
  class space    used 10686K, committed 11136K, reserved 1048576K
}
Event: 21.458 GC heap after
{Heap after GC invocations=32 (full 0):
 garbage-first heap   total 290816K, used 97812K [0x0000000700000000, 0x0000000800000000)
  region size 2048K, 1 young (2048K), 1 survivors (2048K)
 Metaspace       used 76249K, committed 77184K, reserved 1179648K
  class space    used 10686K, committed 11136K, reserved 1048576K
}
Event: 23.372 GC heap before
{Heap before GC invocations=32 (full 0):
 garbage-first heap   total 290816K, used 224788K [0x0000000700000000, 0x0000000800000000)
  region size 2048K, 62 young (126976K), 1 survivors (2048K)
 Metaspace       used 85206K, committed 86080K, reserved 1179648K
  class space    used 11791K, committed 12224K, reserved 1048576K
}
Event: 23.380 GC heap after
{Heap after GC invocations=33 (full 0):
 garbage-first heap   total 290816K, used 106555K [0x0000000700000000, 0x0000000800000000)
  region size 2048K, 4 young (8192K), 4 survivors (8192K)
 Metaspace       used 85206K, committed 86080K, reserved 1179648K
  class space    used 11791K, committed 12224K, reserved 1048576K
}
Event: 25.990 GC heap before
{Heap before GC invocations=33 (full 0):
 garbage-first heap   total 290816K, used 225339K [0x0000000700000000, 0x0000000800000000)
  region size 2048K, 62 young (126976K), 4 survivors (8192K)
 Metaspace       used 90550K, committed 91520K, reserved 1179648K
  class space    used 12533K, committed 12992K, reserved 1048576K
}
Event: 26.035 GC heap after
{Heap after GC invocations=34 (full 0):
 garbage-first heap   total 290816K, used 112678K [0x0000000700000000, 0x0000000800000000)
  region size 2048K, 7 young (14336K), 7 survivors (14336K)
 Metaspace       used 90550K, committed 91520K, reserved 1179648K
  class space    used 12533K, committed 12992K, reserved 1048576K
}
Event: 28.885 GC heap before
{Heap before GC invocations=34 (full 0):
 garbage-first heap   total 290816K, used 229414K [0x0000000700000000, 0x0000000800000000)
  region size 2048K, 64 young (131072K), 7 survivors (14336K)
 Metaspace       used 97969K, committed 98944K, reserved 1179648K
  class space    used 13674K, committed 14144K, reserved 1048576K
}
Event: 28.909 GC heap after
{Heap after GC invocations=35 (full 0):
 garbage-first heap   total 290816K, used 116274K [0x0000000700000000, 0x0000000800000000)
  region size 2048K, 5 young (10240K), 5 survivors (10240K)
 Metaspace       used 97969K, committed 98944K, reserved 1179648K
  class space    used 13674K, committed 14144K, reserved 1048576K
}
Event: 30.897 GC heap before
{Heap before GC invocations=35 (full 0):
 garbage-first heap   total 290816K, used 235058K [0x0000000700000000, 0x0000000800000000)
  region size 2048K, 63 young (129024K), 5 survivors (10240K)
 Metaspace       used 99895K, committed 100800K, reserved 1179648K
  class space    used 13911K, committed 14336K, reserved 1048576K
}
Event: 30.922 GC heap after
{Heap after GC invocations=36 (full 0):
 garbage-first heap   total 290816K, used 124436K [0x0000000700000000, 0x0000000800000000)
  region size 2048K, 6 young (12288K), 6 survivors (12288K)
 Metaspace       used 99895K, committed 100800K, reserved 1179648K
  class space    used 13911K, committed 14336K, reserved 1048576K
}
Event: 32.577 GC heap before
{Heap before GC invocations=36 (full 0):
 garbage-first heap   total 290816K, used 232980K [0x0000000700000000, 0x0000000800000000)
  region size 2048K, 60 young (122880K), 6 survivors (12288K)
 Metaspace       used 101759K, committed 102848K, reserved 1179648K
  class space    used 14214K, committed 14720K, reserved 1048576K
}
Event: 32.605 GC heap after
{Heap after GC invocations=37 (full 0):
 garbage-first heap   total 290816K, used 138822K [0x0000000700000000, 0x0000000800000000)
  region size 2048K, 8 young (16384K), 8 survivors (16384K)
 Metaspace       used 101759K, committed 102848K, reserved 1179648K
  class space    used 14214K, committed 14720K, reserved 1048576K
}
Event: 33.847 GC heap before
{Heap before GC invocations=37 (full 0):
 garbage-first heap   total 290816K, used 228934K [0x0000000700000000, 0x0000000800000000)
  region size 2048K, 52 young (106496K), 8 survivors (16384K)
 Metaspace       used 105510K, committed 106624K, reserved 1179648K
  class space    used 14833K, committed 15360K, reserved 1048576K
}

