# JRE version: OpenJDK Runtime Environment Microsoft-10376486 (17.0.13+11) (build 17.0.13+11-LTS)
# Java VM: OpenJDK 64-Bit Server VM Microsoft-10376486 (17.0.13+11-LTS, mixed mode, sharing, tiered, compressed oops, compressed class ptrs, g1 gc, windows-amd64)
GC Precious Log:
 CPUs: 4 total, 4 available
 Memory: 8072M
 Large Page Support: Disabled
 NUMA Support: Disabled
 Compressed Oops: Enabled (32-bit)
 Heap Region Size: 1M
 Heap Min Capacity: 8M
 Heap Initial Capacity: 128M
 Heap Max Capacity: 2G
 Pre-touch: Disabled
 Parallel Workers: 4
 Concurrent Workers: 1
 Concurrent Refinement Workers: 4
 Periodic GC: Disabled
Heap:
 garbage-first heap   total 505856K, used 262329K [0x0000000080000000, 0x0000000100000000)
  region size 1024K, 60 young (61440K), 15 survivors (15360K)
 Metaspace       used 124996K, committed 126336K, reserved 557056K
  class space    used 17216K, committed 17856K, reserved 425984K
GC Heap History (20 events):
Event: 31.239 GC heap before
{Heap before GC invocations=39 (full 0):
 garbage-first heap   total 260096K, used 214124K [0x0000000080000000, 0x0000000100000000)
  region size 1024K, 108 young (110592K), 10 survivors (10240K)
 Metaspace       used 99790K, committed 100800K, reserved 557056K
  class space    used 13910K, committed 14400K, reserved 425984K
}
Event: 31.269 GC heap after
{Heap after GC invocations=40 (full 0):
 garbage-first heap   total 260096K, used 121000K [0x0000000080000000, 0x0000000100000000)
  region size 1024K, 11 young (11264K), 11 survivors (11264K)
 Metaspace       used 99790K, committed 100800K, reserved 557056K
  class space    used 13910K, committed 14400K, reserved 425984K
}
Event: 32.738 GC heap before
{Heap before GC invocations=40 (full 0):
 garbage-first heap   total 260096K, used 219304K [0x0000000080000000, 0x0000000100000000)
  region size 1024K, 103 young (105472K), 11 survivors (11264K)
 Metaspace       used 101672K, committed 102784K, reserved 557056K
  class space    used 14215K, committed 14720K, reserved 425984K
}
Event: 32.763 GC heap after
{Heap after GC invocations=41 (full 0):
 garbage-first heap   total 260096K, used 135725K [0x0000000080000000, 0x0000000100000000)
  region size 1024K, 13 young (13312K), 13 survivors (13312K)
 Metaspace       used 101672K, committed 102784K, reserved 557056K
  class space    used 14215K, committed 14720K, reserved 425984K
}
Event: 33.880 GC heap before
{Heap before GC invocations=41 (full 0):
 garbage-first heap   total 260096K, used 211501K [0x0000000080000000, 0x0000000100000000)
  region size 1024K, 87 young (89088K), 13 survivors (13312K)
 Metaspace       used 104785K, committed 105920K, reserved 557056K
  class space    used 14741K, committed 15232K, reserved 425984K
}
Event: 33.904 GC heap after
{Heap after GC invocations=42 (full 0):
 garbage-first heap   total 260096K, used 143545K [0x0000000080000000, 0x0000000100000000)
  region size 1024K, 7 young (7168K), 7 survivors (7168K)
 Metaspace       used 104785K, committed 105920K, reserved 557056K
  class space    used 14741K, committed 15232K, reserved 425984K
}
Event: 34.838 GC heap before
{Heap before GC invocations=42 (full 0):
 garbage-first heap   total 260096K, used 213177K [0x0000000080000000, 0x0000000100000000)
  region size 1024K, 75 young (76800K), 7 survivors (7168K)
 Metaspace       used 108197K, committed 109312K, reserved 557056K
  class space    used 15183K, committed 15680K, reserved 425984K
}
Event: 34.857 GC heap after
{Heap after GC invocations=43 (full 0):
 garbage-first heap   total 260096K, used 148823K [0x0000000080000000, 0x0000000100000000)
  region size 1024K, 6 young (6144K), 6 survivors (6144K)
 Metaspace       used 108197K, committed 109312K, reserved 557056K
  class space    used 15183K, committed 15680K, reserved 425984K
}
Event: 35.824 GC heap before
{Heap before GC invocations=43 (full 0):
 garbage-first heap   total 260096K, used 215383K [0x0000000080000000, 0x0000000100000000)
  region size 1024K, 71 young (72704K), 6 survivors (6144K)
 Metaspace       used 108382K, committed 109568K, reserved 557056K
  class space    used 15197K, committed 15744K, reserved 425984K
}
Event: 35.897 GC heap after
{Heap after GC invocations=44 (full 0):
 garbage-first heap   total 260096K, used 160076K [0x0000000080000000, 0x0000000100000000)
  region size 1024K, 9 young (9216K), 9 survivors (9216K)
 Metaspace       used 108382K, committed 109568K, reserved 557056K
  class space    used 15197K, committed 15744K, reserved 425984K
}
Event: 37.847 GC heap before
{Heap before GC invocations=44 (full 0):
 garbage-first heap   total 260096K, used 213324K [0x0000000080000000, 0x0000000100000000)
  region size 1024K, 62 young (63488K), 9 survivors (9216K)
 Metaspace       used 108538K, committed 109760K, reserved 557056K
  class space    used 15207K, committed 15808K, reserved 425984K
}
Event: 37.921 GC heap after
{Heap after GC invocations=45 (full 0):
 garbage-first heap   total 505856K, used 168989K [0x0000000080000000, 0x0000000100000000)
  region size 1024K, 8 young (8192K), 8 survivors (8192K)
 Metaspace       used 108538K, committed 109760K, reserved 557056K
  class space    used 15207K, committed 15808K, reserved 425984K
}
Event: 41.981 GC heap before
{Heap before GC invocations=45 (full 0):
 garbage-first heap   total 505856K, used 388125K [0x0000000080000000, 0x0000000100000000)
  region size 1024K, 217 young (222208K), 8 survivors (8192K)
 Metaspace       used 109295K, committed 110528K, reserved 557056K
  class space    used 15289K, committed 15872K, reserved 425984K
}
Event: 42.016 GC heap after
{Heap after GC invocations=46 (full 0):
 garbage-first heap   total 505856K, used 188829K [0x0000000080000000, 0x0000000100000000)
  region size 1024K, 24 young (24576K), 24 survivors (24576K)
 Metaspace       used 109295K, committed 110528K, reserved 557056K
  class space    used 15289K, committed 15872K, reserved 425984K
}
Event: 44.909 GC heap before
{Heap before GC invocations=46 (full 0):
 garbage-first heap   total 505856K, used 401821K [0x0000000080000000, 0x0000000100000000)
  region size 1024K, 232 young (237568K), 24 survivors (24576K)
 Metaspace       used 115492K, committed 116800K, reserved 557056K
  class space    used 16094K, committed 16704K, reserved 425984K
}
Event: 44.987 GC heap after
{Heap after GC invocations=47 (full 0):
 garbage-first heap   total 505856K, used 205032K [0x0000000080000000, 0x0000000100000000)
  region size 1024K, 19 young (19456K), 19 survivors (19456K)
 Metaspace       used 115492K, committed 116800K, reserved 557056K
  class space    used 16094K, committed 16704K, reserved 425984K
}
Event: 50.627 GC heap before
{Heap before GC invocations=47 (full 0):
 garbage-first heap   total 505856K, used 400616K [0x0000000080000000, 0x0000000100000000)
  region size 1024K, 211 young (216064K), 19 survivors (19456K)
 Metaspace       used 117770K, committed 119104K, reserved 557056K
  class space    used 16344K, committed 16960K, reserved 425984K
}
Event: 50.676 GC heap after
{Heap after GC invocations=48 (full 0):
 garbage-first heap   total 505856K, used 214713K [0x0000000080000000, 0x0000000100000000)
  region size 1024K, 12 young (12288K), 12 survivors (12288K)
 Metaspace       used 117770K, committed 119104K, reserved 557056K
  class space    used 16344K, committed 16960K, reserved 425984K
}
Event: 54.432 GC heap before
{Heap before GC invocations=48 (full 0):
 garbage-first heap   total 505856K, used 365241K [0x0000000080000000, 0x0000000100000000)
  region size 1024K, 156 young (159744K), 12 survivors (12288K)
 Metaspace       used 122201K, committed 123520K, reserved 557056K
  class space    used 16810K, committed 17472K, reserved 425984K
}
Event: 54.465 GC heap after
{Heap after GC invocations=49 (full 0):
 garbage-first heap   total 505856K, used 218297K [0x0000000080000000, 0x0000000100000000)
  region size 1024K, 15 young (15360K), 15 survivors (15360K)
 Metaspace       used 122201K, committed 123520K, reserved 557056K
  class space    used 16810K, committed 17472K, reserved 425984K
}

