# JRE version: OpenJDK Runtime Environment Microsoft-10376486 (17.0.13+11) (build 17.0.13+11-LTS)
# Java VM: OpenJDK 64-Bit Server VM Microsoft-10376486 (17.0.13+11-LTS, mixed mode, sharing, tiered, compressed oops, compressed class ptrs, g1 gc, windows-amd64)
GC Precious Log:
 CPUs: 4 total, 4 available
 Memory: 8072M
 Large Page Support: Disabled
 NUMA Support: Disabled
 Compressed Oops: Enabled (32-bit)
 Heap Region Size: 1M
 Heap Min Capacity: 8M
 Heap Initial Capacity: 128M
 Heap Max Capacity: 2G
 Pre-touch: Disabled
 Parallel Workers: 4
 Concurrent Workers: 1
 Concurrent Refinement Workers: 4
 Periodic GC: Disabled
Heap:
 garbage-first heap   total 86016K, used 65719K [0x0000000080000000, 0x0000000100000000)
  region size 1024K, 36 young (36864K), 4 survivors (4096K)
 Metaspace       used 35430K, committed 35840K, reserved 491520K
  class space    used 4915K, committed 5120K, reserved 425984K
GC Heap History (16 events):
Event: 0.277 GC heap before
{Heap before GC invocations=0 (full 0):
 garbage-first heap   total 131072K, used 13312K [0x0000000080000000, 0x0000000100000000)
  region size 1024K, 13 young (13312K), 0 survivors (0K)
 Metaspace       used 755K, committed 896K, reserved 491520K
  class space    used 62K, committed 128K, reserved 425984K
}
Event: 0.280 GC heap after
{Heap after GC invocations=1 (full 0):
 garbage-first heap   total 131072K, used 1241K [0x0000000080000000, 0x0000000100000000)
  region size 1024K, 2 young (2048K), 2 survivors (2048K)
 Metaspace       used 755K, committed 896K, reserved 491520K
  class space    used 62K, committed 128K, reserved 425984K
}
Event: 0.682 GC heap before
{Heap before GC invocations=1 (full 0):
 garbage-first heap   total 131072K, used 22745K [0x0000000080000000, 0x0000000100000000)
  region size 1024K, 21 young (21504K), 2 survivors (2048K)
 Metaspace       used 1929K, committed 2112K, reserved 491520K
  class space    used 193K, committed 320K, reserved 425984K
}
Event: 0.688 GC heap after
{Heap after GC invocations=2 (full 0):
 garbage-first heap   total 131072K, used 9443K [0x0000000080000000, 0x0000000100000000)
  region size 1024K, 3 young (3072K), 3 survivors (3072K)
 Metaspace       used 1929K, committed 2112K, reserved 491520K
  class space    used 193K, committed 320K, reserved 425984K
}
Event: 1.975 GC heap before
{Heap before GC invocations=2 (full 0):
 garbage-first heap   total 131072K, used 86243K [0x0000000080000000, 0x0000000100000000)
  region size 1024K, 76 young (77824K), 3 survivors (3072K)
 Metaspace       used 4800K, committed 4992K, reserved 491520K
  class space    used 609K, committed 704K, reserved 425984K
}
Event: 1.987 GC heap after
{Heap after GC invocations=3 (full 0):
 garbage-first heap   total 131072K, used 16208K [0x0000000080000000, 0x0000000100000000)
  region size 1024K, 9 young (9216K), 9 survivors (9216K)
 Metaspace       used 4800K, committed 4992K, reserved 491520K
  class space    used 609K, committed 704K, reserved 425984K
}
Event: 4.406 GC heap before
{Heap before GC invocations=3 (full 0):
 garbage-first heap   total 131072K, used 84816K [0x0000000080000000, 0x0000000100000000)
  region size 1024K, 76 young (77824K), 9 survivors (9216K)
 Metaspace       used 16554K, committed 16896K, reserved 491520K
  class space    used 2315K, committed 2496K, reserved 425984K
}
Event: 4.427 GC heap after
{Heap after GC invocations=4 (full 0):
 garbage-first heap   total 131072K, used 20943K [0x0000000080000000, 0x0000000100000000)
  region size 1024K, 6 young (6144K), 6 survivors (6144K)
 Metaspace       used 16554K, committed 16896K, reserved 491520K
  class space    used 2315K, committed 2496K, reserved 425984K
}
Event: 5.916 GC heap before
{Heap before GC invocations=4 (full 0):
 garbage-first heap   total 131072K, used 61903K [0x0000000080000000, 0x0000000100000000)
  region size 1024K, 47 young (48128K), 6 survivors (6144K)
 Metaspace       used 21129K, committed 21504K, reserved 491520K
  class space    used 3071K, committed 3264K, reserved 425984K
}
Event: 5.928 GC heap after
{Heap after GC invocations=5 (full 0):
 garbage-first heap   total 131072K, used 23261K [0x0000000080000000, 0x0000000100000000)
  region size 1024K, 8 young (8192K), 8 survivors (8192K)
 Metaspace       used 21129K, committed 21504K, reserved 491520K
  class space    used 3071K, committed 3264K, reserved 425984K
}
Event: 7.254 GC heap before
{Heap before GC invocations=6 (full 0):
 garbage-first heap   total 86016K, used 66269K [0x0000000080000000, 0x0000000100000000)
  region size 1024K, 50 young (51200K), 8 survivors (8192K)
 Metaspace       used 28169K, committed 28544K, reserved 491520K
  class space    used 3970K, committed 4160K, reserved 425984K
}
Event: 7.272 GC heap after
{Heap after GC invocations=7 (full 0):
 garbage-first heap   total 86016K, used 27293K [0x0000000080000000, 0x0000000100000000)
  region size 1024K, 7 young (7168K), 7 survivors (7168K)
 Metaspace       used 28169K, committed 28544K, reserved 491520K
  class space    used 3970K, committed 4160K, reserved 425984K
}
Event: 7.301 GC heap before
{Heap before GC invocations=7 (full 0):
 garbage-first heap   total 86016K, used 28317K [0x0000000080000000, 0x0000000100000000)
  region size 1024K, 8 young (8192K), 7 survivors (7168K)
 Metaspace       used 28363K, committed 28736K, reserved 491520K
  class space    used 4002K, committed 4224K, reserved 425984K
}
Event: 7.316 GC heap after
{Heap after GC invocations=8 (full 0):
 garbage-first heap   total 86016K, used 27225K [0x0000000080000000, 0x0000000100000000)
  region size 1024K, 1 young (1024K), 1 survivors (1024K)
 Metaspace       used 28363K, committed 28736K, reserved 491520K
  class space    used 4002K, committed 4224K, reserved 425984K
}
Event: 8.023 GC heap before
{Heap before GC invocations=8 (full 0):
 garbage-first heap   total 86016K, used 65113K [0x0000000080000000, 0x0000000100000000)
  region size 1024K, 39 young (39936K), 1 survivors (1024K)
 Metaspace       used 31619K, committed 32064K, reserved 491520K
  class space    used 4442K, committed 4608K, reserved 425984K
}
Event: 8.029 GC heap after
{Heap after GC invocations=9 (full 0):
 garbage-first heap   total 86016K, used 29879K [0x0000000080000000, 0x0000000100000000)
  region size 1024K, 4 young (4096K), 4 survivors (4096K)
 Metaspace       used 31619K, committed 32064K, reserved 491520K
  class space    used 4442K, committed 4608K, reserved 425984K
}

